<?xml version="1.0" encoding="UTF-8"?>
<testng-results ignored="0" total="1" passed="1" failed="0" skipped="0">
  <reporter-output>
  </reporter-output>
  <suite started-at="2023-09-19T19:11:45 GMT-04:00" name="Default suite" finished-at="2023-09-19T19:11:57 GMT-04:00" duration-ms="11683">
    <groups>
    </groups>
    <test started-at="2023-09-19T19:11:45 GMT-04:00" name="Default test" finished-at="2023-09-19T19:11:57 GMT-04:00" duration-ms="11683">
      <class name="com.qa.tutorialsninja.TestCases.RegisterTest">
        <test-method is-config="true" signature="registerSetup()[pri:0, instance:com.qa.tutorialsninja.TestCases.RegisterTest@6e6f2380]" started-at="2023-09-19T19:11:46 GMT-04:00" name="registerSetup" finished-at="2023-09-19T19:11:55 GMT-04:00" duration-ms="9980" status="PASS">
          <reporter-output>
          </reporter-output>
        </test-method> <!-- registerSetup -->
        <test-method signature="verifyRegisterWithMandatoryDetails()[pri:1, instance:com.qa.tutorialsninja.TestCases.RegisterTest@6e6f2380]" started-at="2023-09-19T19:11:55 GMT-04:00" name="verifyRegisterWithMandatoryDetails" finished-at="2023-09-19T19:11:57 GMT-04:00" duration-ms="1456" status="PASS">
          <reporter-output>
          </reporter-output>
        </test-method> <!-- verifyRegisterWithMandatoryDetails -->
        <test-method is-config="true" signature="tearDown()[pri:0, instance:com.qa.tutorialsninja.TestCases.RegisterTest@6e6f2380]" started-at="2023-09-19T19:11:57 GMT-04:00" name="tearDown" finished-at="2023-09-19T19:11:57 GMT-04:00" duration-ms="205" status="PASS">
          <reporter-output>
          </reporter-output>
        </test-method> <!-- tearDown -->
      </class> <!-- com.qa.tutorialsninja.TestCases.RegisterTest -->
    </test> <!-- Default test -->
  </suite> <!-- Default suite -->
</testng-results>
